2024-11-02 15:42:59,576-app.py[lineno:28]-INFO-app release MAX_MEMORY_LIMIT=524288000
2024-11-02 15:44:59,609-app.py[lineno:28]-INFO-app release MAX_MEMORY_LIMIT=524288000
2024-11-02 15:46:59,627-app.py[lineno:28]-INFO-app release MAX_MEMORY_LIMIT=524288000
2024-11-02 15:48:59,648-app.py[lineno:28]-INFO-app release MAX_MEMORY_LIMIT=524288000
2024-11-02 15:50:59,671-app.py[lineno:28]-INFO-app release MAX_MEMORY_LIMIT=524288000
2024-11-02 15:52:18,782-dao2_quick.py[lineno:180]-INFO-2692596找到钱袋子,但没有找到确定购买按钮
2024-11-02 15:52:19,144-dao2_quick.py[lineno:180]-INFO-2692596找到钱袋子,但没有找到确定购买按钮
2024-11-02 15:52:19,498-dao2_quick.py[lineno:180]-INFO-2692596找到钱袋子,但没有找到确定购买按钮
2024-11-02 15:52:59,700-app.py[lineno:28]-INFO-app release MAX_MEMORY_LIMIT=524288000
2024-11-02 15:53:03,780-dao2_common.py[lineno:264]-INFO-tu_dun_page1 img/tudun_wadang.bmp 1743.25 1293.75
2024-11-02 15:53:17,479-dao2_common.py[lineno:450]-INFO-navigation_shu_ru=2451.25, tdy=1141.25
2024-11-02 15:53:42,739-dao2_common.py[lineno:450]-INFO-navigation_shu_ru=2451.25, tdy=1141.25
2024-11-02 15:54:22,757-dao2_common.py[lineno:450]-INFO-navigation_shu_ru=2451.25, tdy=1141.25
2024-11-02 15:54:59,724-app.py[lineno:28]-INFO-app release MAX_MEMORY_LIMIT=524288000
2024-11-02 15:55:02,806-dao2_common.py[lineno:450]-INFO-navigation_shu_ru=2451.25, tdy=1141.25
2024-11-02 15:55:43,088-dao2_common.py[lineno:264]-INFO-tu_dun_page1 img/tudun_wadang.bmp 1743.25 1293.75
2024-11-02 15:55:55,997-dao2_common.py[lineno:450]-INFO-navigation_shu_ru=2451.25, tdy=1141.25
2024-11-02 15:55:56,451-dao2_common.py[lineno:450]-INFO-navigation_shu_ru=2451.25, tdy=1141.25
2024-11-02 15:56:52,729-dao2_common.py[lineno:450]-INFO-navigation_shu_ru=2451.25, tdy=1141.25
2024-11-02 15:56:59,749-app.py[lineno:28]-INFO-app release MAX_MEMORY_LIMIT=524288000
2024-11-02 15:57:30,053-dao2_common.py[lineno:609]-INFO-1.26：存储次数=1,死亡次数=0
2024-11-02 15:57:30,975-dao2_common.py[lineno:450]-INFO-navigation_shu_ru=2451.25, tdy=1141.25
2024-11-02 15:57:55,692-dao2_common.py[lineno:450]-INFO-navigation_shu_ru=2451.25, tdy=1141.25
2024-11-02 15:58:35,724-dao2_common.py[lineno:450]-INFO-navigation_shu_ru=2451.25, tdy=1141.25
2024-11-02 15:58:59,781-app.py[lineno:28]-INFO-app release MAX_MEMORY_LIMIT=524288000
2024-11-02 15:59:15,778-dao2_common.py[lineno:450]-INFO-navigation_shu_ru=2451.25, tdy=1141.25
2024-11-02 15:59:56,061-dao2_common.py[lineno:264]-INFO-tu_dun_page1 img/tudun_wadang.bmp 1743.25 1293.75
2024-11-02 16:00:08,954-dao2_common.py[lineno:450]-INFO-navigation_shu_ru=2451.25, tdy=1141.25
2024-11-02 16:00:09,415-dao2_common.py[lineno:450]-INFO-navigation_shu_ru=2451.25, tdy=1141.25
2024-11-02 16:00:59,813-app.py[lineno:28]-INFO-app release MAX_MEMORY_LIMIT=524288000
2024-11-02 16:01:05,213-dao2_common.py[lineno:450]-INFO-navigation_shu_ru=2451.25, tdy=1141.25
2024-11-02 16:01:42,488-dao2_common.py[lineno:609]-INFO-1.26：存储次数=2,死亡次数=0
2024-11-02 16:01:43,393-dao2_common.py[lineno:450]-INFO-navigation_shu_ru=2451.25, tdy=1141.25
2024-11-02 16:02:08,046-dao2_common.py[lineno:450]-INFO-navigation_shu_ru=2451.25, tdy=1141.25
2024-11-02 16:02:48,043-dao2_common.py[lineno:450]-INFO-navigation_shu_ru=2451.25, tdy=1141.25
2024-11-02 16:02:59,837-app.py[lineno:28]-INFO-app release MAX_MEMORY_LIMIT=524288000
2024-11-02 16:03:28,092-dao2_common.py[lineno:450]-INFO-navigation_shu_ru=2451.25, tdy=1141.25
2024-11-02 16:04:08,303-dao2_common.py[lineno:264]-INFO-tu_dun_page1 img/tudun_wadang.bmp 1743.25 1293.75
2024-11-02 16:04:21,189-dao2_common.py[lineno:450]-INFO-navigation_shu_ru=2451.25, tdy=1141.25
2024-11-02 16:04:21,636-dao2_common.py[lineno:450]-INFO-navigation_shu_ru=2451.25, tdy=1141.25
2024-11-02 16:04:59,868-app.py[lineno:28]-INFO-app release MAX_MEMORY_LIMIT=524288000
2024-11-02 16:05:17,703-dao2_common.py[lineno:450]-INFO-navigation_shu_ru=2451.25, tdy=1141.25
2024-11-02 16:05:54,935-dao2_common.py[lineno:609]-INFO-1.26：存储次数=3,死亡次数=0
2024-11-02 16:05:55,833-dao2_common.py[lineno:450]-INFO-navigation_shu_ru=2451.25, tdy=1141.25
2024-11-02 16:06:20,516-dao2_common.py[lineno:450]-INFO-navigation_shu_ru=2451.25, tdy=1141.25
2024-11-02 16:06:59,027-dao2_common.py[lineno:609]-INFO-1.26：存储次数=3,死亡次数=0
2024-11-02 16:06:59,899-app.py[lineno:28]-INFO-app release MAX_MEMORY_LIMIT=524288000
2024-11-02 16:11:18,379-app.py[lineno:28]-INFO-app release MAX_MEMORY_LIMIT=524288000
2024-11-02 16:13:18,398-app.py[lineno:28]-INFO-app release MAX_MEMORY_LIMIT=524288000
2024-11-02 16:15:18,418-app.py[lineno:28]-INFO-app release MAX_MEMORY_LIMIT=524288000
2024-11-02 16:16:53,788-dao2_quick.py[lineno:178]-INFO-2692596购买钱袋子
2024-11-02 16:17:18,443-app.py[lineno:28]-INFO-app release MAX_MEMORY_LIMIT=524288000
2024-11-02 16:19:18,462-app.py[lineno:28]-INFO-app release MAX_MEMORY_LIMIT=524288000
2024-11-02 16:23:12,342-app.py[lineno:28]-INFO-app release MAX_MEMORY_LIMIT=524288000
2024-11-02 16:25:32,627-app.py[lineno:28]-INFO-app release MAX_MEMORY_LIMIT=524288000
2024-11-02 16:26:03,681-dao2_quick.py[lineno:178]-INFO-2692596购买钱袋子
2024-11-02 16:26:04,260-dao2_quick.py[lineno:178]-INFO-2692596购买钱袋子
2024-11-02 16:26:04,848-dao2_quick.py[lineno:178]-INFO-2692596购买钱袋子
2024-11-02 16:26:58,058-dao2_quick.py[lineno:178]-INFO-2692596购买钱袋子
2024-11-02 16:26:58,651-dao2_quick.py[lineno:178]-INFO-2692596购买钱袋子
2024-11-02 16:26:59,238-dao2_quick.py[lineno:178]-INFO-2692596购买钱袋子
2024-11-02 16:26:59,833-dao2_quick.py[lineno:178]-INFO-2692596购买钱袋子
2024-11-02 16:27:00,437-dao2_quick.py[lineno:178]-INFO-2692596购买钱袋子
2024-11-02 16:27:01,026-dao2_quick.py[lineno:178]-INFO-2692596购买钱袋子
2024-11-02 16:27:01,617-dao2_quick.py[lineno:178]-INFO-2692596购买钱袋子
2024-11-02 16:27:32,646-app.py[lineno:28]-INFO-app release MAX_MEMORY_LIMIT=524288000
2024-11-02 16:29:32,671-app.py[lineno:28]-INFO-app release MAX_MEMORY_LIMIT=524288000
2024-11-02 16:31:32,694-app.py[lineno:28]-INFO-app release MAX_MEMORY_LIMIT=524288000
2024-11-02 16:33:32,722-app.py[lineno:28]-INFO-app release MAX_MEMORY_LIMIT=524288000
2024-11-02 16:35:32,746-app.py[lineno:28]-INFO-app release MAX_MEMORY_LIMIT=524288000
2024-11-02 16:37:32,766-app.py[lineno:28]-INFO-app release MAX_MEMORY_LIMIT=524288000
2024-11-02 16:39:32,798-app.py[lineno:28]-INFO-app release MAX_MEMORY_LIMIT=524288000
2024-11-02 16:41:32,827-app.py[lineno:28]-INFO-app release MAX_MEMORY_LIMIT=524288000
2024-11-02 16:43:32,852-app.py[lineno:28]-INFO-app release MAX_MEMORY_LIMIT=524288000
2024-11-02 16:45:32,876-app.py[lineno:28]-INFO-app release MAX_MEMORY_LIMIT=524288000
2024-11-02 16:47:32,897-app.py[lineno:28]-INFO-app release MAX_MEMORY_LIMIT=524288000
2024-11-02 16:53:36,271-dao2_common.py[lineno:609]-INFO-v1.27：找到的装备= , lian_hun_flag=
2024-11-02 16:55:10,359-dao2_common.py[lineno:609]-INFO-v1.27：找到的装备= img/zhuangbei_shuangjiegun.bmp, lian_hun_flag=
2024-11-02 16:55:11,203-dao2_common.py[lineno:450]-INFO-navigation_shu_ru=2451.25, tdy=1141.25
2024-11-02 16:55:25,725-dao2_common.py[lineno:609]-INFO-v1.27：找到的装备= img/zhuangbei_shuangjiegun.bmp, lian_hun_flag=
2024-11-02 16:55:26,153-dao2_common.py[lineno:450]-INFO-navigation_shu_ru=2451.25, tdy=1141.25
2024-11-02 16:55:51,173-dao2_muye_fuwuqi.py[lineno:172]-INFO-装备img/zhuangbei_shuangjiegun.bmp已经安装
2024-11-02 16:55:51,407-dao2_common.py[lineno:450]-INFO-navigation_shu_ru=2451.25, tdy=1141.25
2024-11-02 16:57:37,914-dao2_muye_fuwuqi.py[lineno:43]-INFO-找到的装备= img/zhuangbei_shuangjiegun.bmp, lian_hun_flag=
2024-11-02 16:57:38,393-dao2_common.py[lineno:450]-INFO-navigation_shu_ru=2451.25, tdy=1141.25
2024-11-02 16:58:03,385-dao2_muye_fuwuqi.py[lineno:174]-INFO-装备img/zhuangbei_shuangjiegun.bmp已经安装
2024-11-02 16:58:03,617-dao2_common.py[lineno:450]-INFO-navigation_shu_ru=2451.25, tdy=1141.25
2024-11-02 16:59:23,690-app.py[lineno:28]-INFO-app release MAX_MEMORY_LIMIT=524288000
2024-11-02 17:01:21,092-dao2_muye_fuwuqi.py[lineno:43]-INFO-找到的装备= img/zhuangbei_shuangjiegun.bmp, lian_hun_flag=
2024-11-02 17:01:21,162-dao2_common.py[lineno:450]-INFO-navigation_shu_ru=2451.25, tdy=1141.25
2024-11-02 17:01:46,864-dao2_muye_fuwuqi.py[lineno:174]-INFO-装备img/zhuangbei_shuangjiegun.bmp已经安装
2024-11-02 17:01:47,094-dao2_common.py[lineno:450]-INFO-navigation_shu_ru=2451.25, tdy=1141.25
2024-11-02 17:03:16,777-dao2_muye_fuwuqi.py[lineno:43]-INFO-找到的装备= img/zhuangbei_shuangjiegun.bmp, lian_hun_flag=
2024-11-02 17:03:16,852-dao2_common.py[lineno:450]-INFO-navigation_shu_ru=2451.25, tdy=1141.25
2024-11-02 17:03:42,487-dao2_muye_fuwuqi.py[lineno:174]-INFO-装备img/zhuangbei_shuangjiegun.bmp已经安装
2024-11-02 17:03:42,705-dao2_common.py[lineno:450]-INFO-navigation_shu_ru=2451.25, tdy=1141.25
2024-11-02 17:05:36,192-dao2_muye_fuwuqi.py[lineno:43]-INFO-找到的装备= img/zhuangbei_shuangjiegun.bmp, lian_hun_flag=
2024-11-02 17:05:36,677-dao2_common.py[lineno:450]-INFO-navigation_shu_ru=2451.25, tdy=1141.25
2024-11-02 17:06:02,126-dao2_muye_fuwuqi.py[lineno:174]-INFO-装备img/zhuangbei_shuangjiegun.bmp已经安装
2024-11-02 17:06:02,350-dao2_common.py[lineno:450]-INFO-navigation_shu_ru=2451.25, tdy=1141.25
2024-11-02 17:07:23,180-app.py[lineno:28]-INFO-app release MAX_MEMORY_LIMIT=524288000
2024-11-02 17:08:39,178-dao2_muye_fuwuqi.py[lineno:408]-INFO-第5次，检测擂台
2024-11-02 17:09:23,212-app.py[lineno:28]-INFO-app release MAX_MEMORY_LIMIT=524288000
2024-11-02 17:09:53,909-dao2_muye_fuwuqi.py[lineno:438]-INFO-第7次，检测炼魂 lian_hun_flag=， new_flag=
2024-11-02 17:09:54,421-dao2_muye_fuwuqi.py[lineno:443]-INFO-不需要炼魂 lian_hun_flag=
2024-11-02 17:11:23,244-app.py[lineno:28]-INFO-app release MAX_MEMORY_LIMIT=524288000
2024-11-02 17:11:43,184-dao2_muye_fuwuqi.py[lineno:408]-INFO-第10次，检测擂台
2024-11-02 17:13:23,263-app.py[lineno:28]-INFO-app release MAX_MEMORY_LIMIT=524288000
2024-11-02 17:14:10,246-dao2_muye_fuwuqi.py[lineno:438]-INFO-第14次，检测炼魂 lian_hun_flag=， new_flag=成长等级：40
2024-11-02 17:14:11,487-dao2_common.py[lineno:450]-INFO-navigation_shu_ru=2451.25, tdy=1141.25
2024-11-02 17:14:29,779-dao2_common.py[lineno:450]-INFO-navigation_shu_ru=2451.25, tdy=1141.25
2024-11-02 17:15:16,028-dao2_muye_fuwuqi.py[lineno:225]-ERROR-xiu_li 未找到 fuwuqi_duihuanji
2024-11-02 17:15:23,295-app.py[lineno:28]-INFO-app release MAX_MEMORY_LIMIT=524288000
